INFO: [VRFC 10-2263] Analyzing Verilog file "C:/Vivado_Projects/merge_jacobi/merge_jacobi.srcs/sources_1/new/components.v" into library xil_defaultlib
INFO: [VRFC 10-311] analyzing module muxcordic
INFO: [VRFC 10-311] analyzing module addsub
INFO: [VRFC 10-311] analyzing module _4mux21x8
INFO: [VRFC 10-311] analyzing module scalebyk
INFO: [VRFC 10-311] analyzing module _16mux21x32
INFO: [VRFC 10-2263] Analyzing Verilog file "C:/Vivado_Projects/merge_jacobi/merge_jacobi.srcs/sources_1/new/cordic.v" into library xil_defaultlib
INFO: [VRFC 10-311] analyzing module sinx_cosx
INFO: [VRFC 10-311] analyzing module vector_sinx_cosx
INFO: [VRFC 10-311] analyzing module cordic_rot_control
INFO: [VRFC 10-2263] Analyzing Verilog file "C:/Vivado_Projects/merge_jacobi/merge_jacobi.srcs/sources_1/new/datapaths.v" into library xil_defaultlib
INFO: [VRFC 10-311] analyzing module jacobi
INFO: [VRFC 10-2263] Analyzing Verilog file "C:/Vivado_Projects/merge_jacobi/merge_jacobi.srcs/sources_1/new/mergecordic.v" into library xil_defaultlib
INFO: [VRFC 10-311] analyzing module diagmergecordic
INFO: [VRFC 10-311] analyzing module nondiagmergecordic
INFO: [VRFC 10-2263] Analyzing Verilog file "C:/Vivado_Projects/merge_jacobi/merge_jacobi.srcs/sources_1/new/regiters_processingelements.v" into library xil_defaultlib
INFO: [VRFC 10-311] analyzing module register
INFO: [VRFC 10-311] analyzing module eigan_vector_matrix
INFO: [VRFC 10-2263] Analyzing Verilog file "C:/Vivado_Projects/merge_jacobi/merge_jacobi.srcs/sim_1/new/tb.v" into library xil_defaultlib
INFO: [VRFC 10-311] analyzing module testttttttb
